<?xml version="1.0" encoding="UTF-8"?>
<!-- Generated by org.testng.reporters.JUnitReportReporter -->
<testsuite skipped="0" hostname="DESKTOP-9VF53AB" name="com.hyperlocal.CareersTest" tests="1" failures="0" timestamp="30 May 2019 10:02:29 GMT" time="44.279" errors="0">
  <testcase name="careerPageTest" time="44.279" classname="com.hyperlocal.CareersTest"/>
</testsuite> <!-- com.hyperlocal.CareersTest -->
