<?xml version="1.0" encoding="UTF-8"?>
<!-- Generated by org.testng.reporters.JUnitReportReporter -->
<testsuite skipped="0" hostname="DESKTOP-9VF53AB" name="com.hyperlocal.HomePageTest" tests="1" failures="0" timestamp="30 May 2019 10:02:29 GMT" time="35.184" errors="0">
  <testcase name="homePageTest" time="35.184" classname="com.hyperlocal.HomePageTest"/>
</testsuite> <!-- com.hyperlocal.HomePageTest -->
