<?xml version="1.0" encoding="UTF-8"?>
<!-- Generated by org.testng.reporters.JUnitReportReporter -->
<testsuite skipped="0" hostname="DESKTOP-9VF53AB" name="com.hyperlocal.InsuranceTest" tests="1" failures="0" timestamp="30 May 2019 10:02:29 GMT" time="30.499" errors="0">
  <testcase name="insurancePageTest" time="30.499" classname="com.hyperlocal.InsuranceTest"/>
</testsuite> <!-- com.hyperlocal.InsuranceTest -->
