<?xml version="1.0" encoding="UTF-8"?>
<!-- Generated by org.testng.reporters.JUnitReportReporter -->
<testsuite skipped="0" hostname="DESKTOP-9VF53AB" name="com.hyperlocal.DrivingSchoolTest" tests="1" failures="0" timestamp="30 May 2019 10:02:29 GMT" time="31.079" errors="0">
  <testcase name="drivingschoolPageTest" time="31.079" classname="com.hyperlocal.DrivingSchoolTest"/>
</testsuite> <!-- com.hyperlocal.DrivingSchoolTest -->
