<?xml version="1.0" encoding="UTF-8"?>
<!-- Generated by org.testng.reporters.JUnitReportReporter -->
<testsuite skipped="0" hostname="DESKTOP-9VF53AB" name="com.hyperlocal.ContactUsTest" tests="1" failures="0" timestamp="30 May 2019 10:02:29 GMT" time="28.477" errors="0">
  <testcase name="contactUsPageTest" time="28.477" classname="com.hyperlocal.ContactUsTest"/>
</testsuite> <!-- com.hyperlocal.ContactUsTest -->
